{
  "RSpec": {
    "coverage": {
      "/Users/apprentice/Desktop/padded_pockets/padded_pockets/config/environment.rb": [
        null,
        1,
        null,
        null,
        1
      ],
      "/Users/apprentice/Desktop/padded_pockets/padded_pockets/config/application.rb": [
        1,
        null,
        null,
        1,
        1,
        1,
        1,
        1,
        1,
        null,
        null,
        null,
        null,
        1,
        null,
        1,
        1,
        null,
        null,
        null,
        null,
        null,
        null,
        null,
        null,
        null,
        null,
        null,
        null,
        null
      ],
      "/Users/apprentice/Desktop/padded_pockets/padded_pockets/config/boot.rb": [
        null,
        1,
        null,
        1
      ],
      "/Users/apprentice/Desktop/padded_pockets/padded_pockets/config/environments/test.rb": [
        1,
        null,
        null,
        null,
        null,
        null,
        null,
        1,
        null,
        null,
        null,
        null,
        1,
        null,
        null,
        1,
        1,
        null,
        null,
        1,
        1,
        null,
        null,
        1,
        null,
        null,
        1,
        null,
        null,
        null,
        null,
        1,
        null,
        null,
        1,
        null,
        null,
        null,
        null
      ],
      "/Users/apprentice/Desktop/padded_pockets/padded_pockets/config/initializers/backtrace_silencers.rb": [
        null,
        null,
        null,
        null,
        null,
        null,
        null
      ],
      "/Users/apprentice/Desktop/padded_pockets/padded_pockets/config/initializers/cookies_serializer.rb": [
        null,
        null,
        1
      ],
      "/Users/apprentice/Desktop/padded_pockets/padded_pockets/config/initializers/filter_parameter_logging.rb": [
        null,
        null,
        null,
        1
      ],
      "/Users/apprentice/Desktop/padded_pockets/padded_pockets/config/initializers/inflections.rb": [
        null,
        null,
        null,
        null,
        null,
        null,
        null,
        null,
        null,
        null,
        null,
        null,
        null,
        null,
        null,
        null
      ],
      "/Users/apprentice/Desktop/padded_pockets/padded_pockets/config/initializers/mime_types.rb": [
        null,
        null,
        null,
        null
      ],
      "/Users/apprentice/Desktop/padded_pockets/padded_pockets/config/initializers/session_store.rb": [
        null,
        null,
        1
      ],
      "/Users/apprentice/Desktop/padded_pockets/padded_pockets/config/initializers/wrap_parameters.rb": [
        null,
        null,
        null,
        null,
        null,
        null,
        1,
        1,
        null,
        null,
        null,
        null,
        null,
        null
      ],
      "/Users/apprentice/Desktop/padded_pockets/padded_pockets/config/routes.rb": [
        1,
        1,
        null,
        null,
        null,
        null,
        1,
        null,
        1,
        1,
        null,
        1,
        null,
        1,
        null,
        null,
        null,
        null,
        null,
        null,
        null,
        null,
        null,
        null,
        null,
        null,
        null,
        null,
        null,
        null,
        null,
        null,
        null,
        null,
        null,
        null,
        null,
        null,
        null,
        null,
        null,
        null,
        null,
        null,
        null,
        null,
        null,
        null,
        null,
        null,
        null,
        null,
        null,
        null,
        null,
        null,
        null,
        null,
        null,
        null,
        null,
        null,
        null,
        null
      ],
      "/Users/apprentice/Desktop/padded_pockets/padded_pockets/app/helpers/application_helper.rb": [
        1,
        null
      ],
      "/Users/apprentice/Desktop/padded_pockets/padded_pockets/app/helpers/sessions_helper.rb": [
        1,
        null
      ],
      "/Users/apprentice/Desktop/padded_pockets/padded_pockets/app/helpers/users_helper.rb": [
        1,
        null
      ],
      "/Users/apprentice/Desktop/padded_pockets/padded_pockets/app/helpers/vote_helper.rb": [
        1,
        null
      ],
      "/Users/apprentice/Desktop/padded_pockets/padded_pockets/app/helpers/welcome_helper.rb": [
        1,
        null
      ],
      "/Users/apprentice/Desktop/padded_pockets/padded_pockets/spec/controllers/users_controller_spec.rb": [
        1,
        null,
        1,
        null,
        null
      ],
      "/Users/apprentice/Desktop/padded_pockets/padded_pockets/app/controllers/users_controller.rb": [
        1,
        1,
        4,
        null,
        null,
        1,
        4,
        null,
        null,
        1,
        3,
        null,
        null,
        1,
        2,
        2,
        1,
        null,
        1,
        1,
        null,
        null,
        null,
        1,
        2,
        2,
        1,
        1,
        null,
        1,
        1,
        null,
        null,
        null,
        1,
        1,
        1,
        null,
        null,
        1,
        1,
        4,
        null,
        null
      ],
      "/Users/apprentice/Desktop/padded_pockets/padded_pockets/app/controllers/application_controller.rb": [
        1,
        null,
        null,
        1,
        null
      ],
      "/Users/apprentice/Desktop/padded_pockets/padded_pockets/spec/controllers/vote_controller_spec.rb": [
        null
      ],
      "/Users/apprentice/Desktop/padded_pockets/padded_pockets/spec/controllers/welcome_controller_spec.rb": [
        1,
        null,
        1,
        null,
        1,
        1,
        null,
        null,
        null,
        null,
        null
      ],
      "/Users/apprentice/Desktop/padded_pockets/padded_pockets/app/controllers/welcome_controller.rb": [
        1,
        1,
        null,
        null
      ],
      "/Users/apprentice/Desktop/padded_pockets/padded_pockets/spec/features/politician_spec.rb": [
        1,
        null,
        1,
        1,
        4,
        4,
        4,
        null,
        4,
        4,
        null,
        null,
        1,
        1,
        null,
        0,
        null,
        null,
        1,
        1,
        null,
        0,
        null,
        null,
        1,
        1,
        null,
        0,
        null,
        null,
        1,
        null,
        null,
        1,
        1,
        null,
        0,
        0,
        null,
        0,
        null,
        null,
        null,
        null,
        null
      ],
      "/Users/apprentice/Desktop/padded_pockets/padded_pockets/spec/features/user_spec.rb": [
        1,
        null,
        null,
        1,
        null,
        1,
        1,
        1,
        null,
        1,
        1,
        1,
        1,
        null,
        null,
        null,
        1,
        null,
        1,
        1,
        1,
        1,
        1,
        1,
        1,
        null,
        null,
        1,
        null,
        null,
        1,
        null,
        1,
        1,
        1,
        1,
        null,
        1,
        null,
        null,
        null,
        1,
        null,
        1,
        3,
        null,
        null,
        1,
        1,
        null,
        1,
        null,
        null,
        1,
        1,
        1,
        1,
        1,
        1,
        1,
        null,
        1,
        1,
        1,
        1,
        null,
        null,
        1,
        1,
        1,
        1,
        null,
        1,
        null,
        null,
        null,
        1,
        null,
        1,
        1,
        null,
        null,
        1,
        1,
        1,
        1,
        null,
        null,
        null,
        null,
        null
      ],
      "/Users/apprentice/Desktop/padded_pockets/padded_pockets/spec/helpers/sessions_helper_spec.rb": [
        1,
        null,
        null,
        null,
        null,
        null,
        null,
        null,
        null,
        null,
        null,
        null,
        1,
        1,
        null
      ],
      "/Users/apprentice/Desktop/padded_pockets/padded_pockets/spec/helpers/users_helper_spec.rb": [
        1,
        null,
        null,
        null,
        null,
        null,
        null,
        null,
        null,
        null,
        null,
        null,
        1,
        1,
        null
      ],
      "/Users/apprentice/Desktop/padded_pockets/padded_pockets/spec/helpers/welcome_helper_spec.rb": [
        1,
        null,
        null,
        null,
        null,
        null,
        null,
        null,
        null,
        null,
        null,
        null,
        1,
        1,
        null
      ],
      "/Users/apprentice/Desktop/padded_pockets/padded_pockets/spec/models/comment_spec.rb": [
        null
      ],
      "/Users/apprentice/Desktop/padded_pockets/padded_pockets/spec/models/politician_spec.rb": [
        null,
        null
      ],
      "/Users/apprentice/Desktop/padded_pockets/padded_pockets/spec/views/welcome/index.html.erb_spec.rb": [
        1,
        null,
        1,
        1,
        null
      ],
      "/Users/apprentice/Desktop/padded_pockets/padded_pockets/app/models/user.rb": [
        1,
        null,
        null,
        1,
        1,
        1,
        null,
        1,
        null,
        1,
        1,
        null,
        1,
        1,
        null
      ],
      "/Users/apprentice/Desktop/padded_pockets/padded_pockets/app/controllers/sessions_controller.rb": [
        1,
        1,
        2,
        2,
        1,
        null,
        1,
        null,
        1,
        1,
        null,
        null,
        null,
        null,
        1,
        1,
        1,
        null,
        null
      ],
      "/Users/apprentice/Desktop/padded_pockets/padded_pockets/app/models/politician.rb": [
        1,
        1,
        null
      ],
      "/Users/apprentice/Desktop/padded_pockets/padded_pockets/app/models/comment.rb": [
        1,
        1,
        null,
        1,
        1,
        null
      ],
      "/Users/apprentice/Desktop/padded_pockets/padded_pockets/app/controllers/politicians_controller.rb": [
        1,
        null,
        1,
        4,
        null,
        null,
        null
      ]
    },
    "timestamp": 1403819206
  }
}
